Metronome/app/build/intermediates/manifest_merge_blame_file/debug/manifest-merger-blame-debug-report.txt
1<?xml version="1.0" encoding="utf-8"?>
2<manifest xmlns:android="http://schemas.android.com/apk/res/android"
3    package="com.example.metronome"
4    android:versionCode="1"
5    android:versionName="1.0" >
6
7    <uses-sdk
8        android:minSdkVersion="23"
8-->src/main/AndroidManifest.xml
9        android:targetSdkVersion="29" />
9-->src/main/AndroidManifest.xml
10
11    <uses-permission android:name="android.permission.BLUETOOTH" />
11-->src/main/AndroidManifest.xml:6:5-68
11-->src/main/AndroidManifest.xml:6:22-65
12    <uses-permission android:name="android.permission.BLUETOOTH_ADMIN" />
12-->src/main/AndroidManifest.xml:7:5-74
12-->src/main/AndroidManifest.xml:7:22-71
13    <uses-permission android:name="android.permission.ACCESS_COARSE_LOCATION" />
13-->src/main/AndroidManifest.xml:8:5-81
13-->src/main/AndroidManifest.xml:8:22-78
14    <uses-permission android:name="android.permission.ACCESS_FINE_LOCATION" />
14-->src/main/AndroidManifest.xml:9:5-79
14-->src/main/AndroidManifest.xml:9:22-76
15    <uses-permission android:name="android.permission.RECORD_AUDIO" />
15-->src/main/AndroidManifest.xml:10:5-71
15-->src/main/AndroidManifest.xml:10:22-68
16    <uses-permission android:name="android.permission.READ_EXTERNAL_STORAGE" />
16-->src/main/AndroidManifest.xml:11:5-80
16-->src/main/AndroidManifest.xml:11:22-77
17    <uses-permission android:name="android.permission.WRITE_EXTERNAL_STORAGE" />
17-->src/main/AndroidManifest.xml:12:5-81
17-->src/main/AndroidManifest.xml:12:22-78
18    <uses-permission android:name="android.permission.BLUETOOTH_PRIVILEGED" />
18-->src/main/AndroidManifest.xml:13:5-15:47
18-->src/main/AndroidManifest.xml:14:9-63
19
20    <application
20-->src/main/AndroidManifest.xml:17:5-85:19
21        android:allowBackup="true"
21-->src/main/AndroidManifest.xml:18:9-35
22        android:appComponentFactory="androidx.core.app.CoreComponentFactory"
22-->[androidx.core:core:1.1.0] AndroidManifest.xml:24:18-86
23        android:debuggable="true"
24        android:icon="@mipmap/ic_launcher"
24-->src/main/AndroidManifest.xml:19:9-43
25        android:label="@string/app_name"
25-->src/main/AndroidManifest.xml:20:9-41
26        android:roundIcon="@mipmap/ic_launcher_round"
26-->src/main/AndroidManifest.xml:21:9-54
27        android:supportsRtl="true"
27-->src/main/AndroidManifest.xml:22:9-35
28        android:testOnly="true"
29        android:theme="@style/AppTheme" >
29-->src/main/AndroidManifest.xml:23:9-40
30        <activity
30-->src/main/AndroidManifest.xml:24:9-27:56
31            android:name="com.example.metronome.viewModel.SettingsActivity"
31-->src/main/AndroidManifest.xml:24:19-61
32            android:parentActivityName="com.example.metronome.MainActivity"
32-->src/main/AndroidManifest.xml:25:13-55
33            android:screenOrientation="portrait" />
33-->src/main/AndroidManifest.xml:26:13-49
34        <activity
34-->src/main/AndroidManifest.xml:28:9-31:56
35            android:name="com.example.metronome.trainer.Trainer"
35-->src/main/AndroidManifest.xml:29:13-44
36            android:screenOrientation="portrait" />
36-->src/main/AndroidManifest.xml:30:13-49
37        <activity
37-->src/main/AndroidManifest.xml:32:9-35:56
38            android:name="com.example.metronome.bluetooth.BluethootActivity"
38-->src/main/AndroidManifest.xml:33:13-56
39            android:screenOrientation="portrait" />
39-->src/main/AndroidManifest.xml:34:13-49
40        <activity
40-->src/main/AndroidManifest.xml:36:9-40:56
41            android:name="com.example.metronome.playlistdatabase_others.ChooseSongFromDatabase"
41-->src/main/AndroidManifest.xml:37:13-75
42            android:parentActivityName="com.example.metronome.playlistdatabase_others.CurrentPlaylist"
42-->src/main/AndroidManifest.xml:38:13-82
43            android:screenOrientation="portrait" />
43-->src/main/AndroidManifest.xml:39:13-49
44        <activity
44-->src/main/AndroidManifest.xml:41:9-45:56
45            android:name="com.example.metronome.playlistdatabase_others.CurrentPlaylist"
45-->src/main/AndroidManifest.xml:42:13-68
46            android:parentActivityName="com.example.metronome.playlistdatabase.PlaylistActivity"
46-->src/main/AndroidManifest.xml:43:13-76
47            android:screenOrientation="portrait" />
47-->src/main/AndroidManifest.xml:44:13-49
48        <activity android:name="com.example.metronome.playlistdatabase.EditPlaylist" />
48-->src/main/AndroidManifest.xml:46:9-67
48-->src/main/AndroidManifest.xml:46:19-64
49        <activity
49-->src/main/AndroidManifest.xml:47:9-51:56
50            android:name="com.example.metronome.playlistdatabase.AddPlaylist"
50-->src/main/AndroidManifest.xml:48:13-57
51            android:parentActivityName="com.example.metronome.playlistdatabase.PlaylistActivity"
51-->src/main/AndroidManifest.xml:49:13-76
52            android:screenOrientation="portrait" />
52-->src/main/AndroidManifest.xml:50:13-49
53        <activity
53-->src/main/AndroidManifest.xml:52:9-56:56
54            android:name="com.example.metronome.playlistdatabase.PlaylistActivity"
54-->src/main/AndroidManifest.xml:53:13-62
55            android:parentActivityName="com.example.metronome.MainActivity"
55-->src/main/AndroidManifest.xml:54:13-55
56            android:screenOrientation="portrait" />
56-->src/main/AndroidManifest.xml:55:13-49
57        <activity
57-->src/main/AndroidManifest.xml:57:9-60:56
58            android:name="com.example.metronome.songdatabase.EditSong"
58-->src/main/AndroidManifest.xml:58:13-50
59            android:screenOrientation="portrait" />
59-->src/main/AndroidManifest.xml:59:13-49
60        <activity
60-->src/main/AndroidManifest.xml:61:9-65:56
61            android:name="com.example.metronome.songdatabase.Songlist"
61-->src/main/AndroidManifest.xml:62:13-50
62            android:parentActivityName="com.example.metronome.MainActivity"
62-->src/main/AndroidManifest.xml:63:13-55
63            android:screenOrientation="portrait" />
63-->src/main/AndroidManifest.xml:64:13-49
64        <activity
64-->src/main/AndroidManifest.xml:66:9-70:56
65            android:name="com.example.metronome.songdatabase.AddSong"
65-->src/main/AndroidManifest.xml:67:13-49
66            android:parentActivityName="com.example.metronome.songdatabase.Songlist"
66-->src/main/AndroidManifest.xml:68:13-64
67            android:screenOrientation="portrait" />
67-->src/main/AndroidManifest.xml:69:13-49
68        <activity
68-->src/main/AndroidManifest.xml:71:9-84:20
69            android:name="com.example.metronome.MainActivity"
69-->src/main/AndroidManifest.xml:72:13-41
70            android:configChanges="keyboardHidden|orientation|screenSize"
70-->src/main/AndroidManifest.xml:73:13-74
71            android:label="@string/app_name"
71-->src/main/AndroidManifest.xml:74:13-45
72            android:launchMode="singleTop"
72-->src/main/AndroidManifest.xml:75:13-43
73            android:screenOrientation="portrait"
73-->src/main/AndroidManifest.xml:76:13-49
74            android:windowSoftInputMode="adjustPan" >
74-->src/main/AndroidManifest.xml:77:13-52
75            <intent-filter>
75-->src/main/AndroidManifest.xml:79:13-83:29
76                <action android:name="android.intent.action.MAIN" />
76-->src/main/AndroidManifest.xml:80:17-69
76-->src/main/AndroidManifest.xml:80:25-66
77
78                <category android:name="android.intent.category.LAUNCHER" />
78-->src/main/AndroidManifest.xml:82:17-77
78-->src/main/AndroidManifest.xml:82:27-74
79            </intent-filter>
80        </activity>
81
82        <service
82-->[androidx.room:room-runtime:2.2.4] AndroidManifest.xml:25:9-27:40
83            android:name="androidx.room.MultiInstanceInvalidationService"
83-->[androidx.room:room-runtime:2.2.4] AndroidManifest.xml:26:13-74
84            android:exported="false" />
84-->[androidx.room:room-runtime:2.2.4] AndroidManifest.xml:27:13-37
85
86        <provider
86-->[androidx.lifecycle:lifecycle-process:2.2.0] AndroidManifest.xml:25:9-29:43
87            android:name="androidx.lifecycle.ProcessLifecycleOwnerInitializer"
87-->[androidx.lifecycle:lifecycle-process:2.2.0] AndroidManifest.xml:26:13-79
88            android:authorities="com.example.metronome.lifecycle-process"
88-->[androidx.lifecycle:lifecycle-process:2.2.0] AndroidManifest.xml:27:13-69
89            android:exported="false"
89-->[androidx.lifecycle:lifecycle-process:2.2.0] AndroidManifest.xml:28:13-37
90            android:multiprocess="true" />
90-->[androidx.lifecycle:lifecycle-process:2.2.0] AndroidManifest.xml:29:13-40
91    </application>
92
93</manifest>